<?xml version="1.0" encoding="UTF-8"?>
<!-- Generated by org.testng.reporters.JUnitReportReporter -->
<testsuite hostname="USER-PC" failures="0" tests="1" name="Test.SwagLoginPage" time="20.490" errors="0" timestamp="2022-10-28T11:23:45 IST" skipped="0">
  <testcase classname="Test.SwagLoginPage" name="loginwithvalidcredential" time="20.490"/>
  <system-out/>
</testsuite> <!-- Test.SwagLoginPage -->
