<?xml version="1.0" encoding="UTF-8"?>
<!-- Generated by org.testng.reporters.JUnitReportReporter -->
<testsuite hostname="USER-PC" failures="0" tests="1" name="Test.AddProductTC" time="23.230" errors="0" timestamp="2022-11-12T01:51:02 IST" skipped="0">
  <testcase classname="Test.AddProductTC" name="AddAllProduct" time="23.230"/>
  <system-out/>
</testsuite> <!-- Test.AddProductTC -->
